[ERROR] [2017-04-02 11:25:54] com.rxtx.Main           0
[ERROR] [2017-04-02 11:25:54] com.rxtx.Main           1
[ERROR] [2017-04-02 11:25:54] com.rxtx.Main           2
[ERROR] [2017-04-02 11:25:54] com.rxtx.Main           3
[ERROR] [2017-04-02 11:25:54] com.rxtx.Main           4
[ERROR] [2017-04-02 11:25:54] com.rxtx.Main           5
[ERROR] [2017-04-02 11:25:54] com.rxtx.Main           6
[ERROR] [2017-04-02 11:25:54] com.rxtx.Main           7
[ERROR] [2017-04-02 11:25:54] com.rxtx.Main           8
[ERROR] [2017-04-02 11:25:54] com.rxtx.Main           9
[ERROR] [2017-04-02 11:25:54] com.rxtx.Main           10
[ERROR] [2017-04-02 11:25:54] com.rxtx.Main           11
[ERROR] [2017-04-02 11:25:54] com.rxtx.Main           12
[ERROR] [2017-04-02 11:25:54] com.rxtx.Main           13
[ERROR] [2017-04-02 11:25:54] com.rxtx.Main           14
[ERROR] [2017-04-02 11:25:54] com.rxtx.Main           15
[ERROR] [2017-04-02 11:25:54] com.rxtx.Main           16
[ERROR] [2017-04-02 11:25:54] com.rxtx.Main           17
[ERROR] [2017-04-02 11:25:54] com.rxtx.Main           18
[ERROR] [2017-04-02 11:25:54] com.rxtx.Main           19
[ERROR] [2017-04-02 11:25:54] com.rxtx.Main           20
[ERROR] [2017-04-02 11:25:54] com.rxtx.Main           21
[ERROR] [2017-04-02 11:25:54] com.rxtx.Main           22
[ERROR] [2017-04-02 11:25:54] com.rxtx.Main           23
[ERROR] [2017-04-02 11:25:54] com.rxtx.Main           24
[ERROR] [2017-04-02 11:25:54] com.rxtx.Main           25
[ERROR] [2017-04-02 11:25:54] com.rxtx.Main           26
[ERROR] [2017-04-02 11:25:54] com.rxtx.Main           27
[ERROR] [2017-04-02 11:25:54] com.rxtx.Main           28
[ERROR] [2017-04-02 11:25:54] com.rxtx.Main           29
[ERROR] [2017-04-02 11:25:54] com.rxtx.Main           30
[ERROR] [2017-04-02 11:25:54] com.rxtx.Main           31
[ERROR] [2017-04-02 11:25:54] com.rxtx.Main           32
[ERROR] [2017-04-02 11:25:54] com.rxtx.Main           33
[ERROR] [2017-04-02 11:25:54] com.rxtx.Main           34
[ERROR] [2017-04-02 11:25:54] com.rxtx.Main           35
[ERROR] [2017-04-02 11:25:54] com.rxtx.Main           36
[ERROR] [2017-04-02 11:25:54] com.rxtx.Main           37
[ERROR] [2017-04-02 11:25:54] com.rxtx.Main           38
[ERROR] [2017-04-02 11:25:54] com.rxtx.Main           39
[ERROR] [2017-04-02 11:25:54] com.rxtx.Main           40
[ERROR] [2017-04-02 11:25:54] com.rxtx.Main           41
[ERROR] [2017-04-02 11:25:54] com.rxtx.Main           42
[ERROR] [2017-04-02 11:25:54] com.rxtx.Main           43
[ERROR] [2017-04-02 11:25:54] com.rxtx.Main           44
[ERROR] [2017-04-02 11:25:54] com.rxtx.Main           45
[ERROR] [2017-04-02 11:25:54] com.rxtx.Main           46
[ERROR] [2017-04-02 11:25:54] com.rxtx.Main           47
[ERROR] [2017-04-02 11:25:54] com.rxtx.Main           48
[ERROR] [2017-04-02 11:25:54] com.rxtx.Main           49
[ERROR] [2017-04-02 11:25:54] com.rxtx.Main           50
[ERROR] [2017-04-02 11:25:54] com.rxtx.Main           51
[ERROR] [2017-04-02 11:25:54] com.rxtx.Main           52
[ERROR] [2017-04-02 11:25:54] com.rxtx.Main           53
[ERROR] [2017-04-02 11:25:54] com.rxtx.Main           54
[ERROR] [2017-04-02 11:25:54] com.rxtx.Main           55
[ERROR] [2017-04-02 11:25:54] com.rxtx.Main           56
[ERROR] [2017-04-02 11:25:54] com.rxtx.Main           57
[ERROR] [2017-04-02 11:25:54] com.rxtx.Main           58
[ERROR] [2017-04-02 11:25:54] com.rxtx.Main           59
[ERROR] [2017-04-02 11:25:54] com.rxtx.Main           60
[ERROR] [2017-04-02 11:25:54] com.rxtx.Main           61
[ERROR] [2017-04-02 11:25:54] com.rxtx.Main           62
[ERROR] [2017-04-02 11:25:54] com.rxtx.Main           63
[ERROR] [2017-04-02 11:25:54] com.rxtx.Main           64
[ERROR] [2017-04-02 11:25:54] com.rxtx.Main           65
[ERROR] [2017-04-02 11:25:54] com.rxtx.Main           66
[ERROR] [2017-04-02 11:25:54] com.rxtx.Main           67
[ERROR] [2017-04-02 11:25:54] com.rxtx.Main           68
[ERROR] [2017-04-02 11:25:54] com.rxtx.Main           69
[ERROR] [2017-04-02 11:25:54] com.rxtx.Main           70
[ERROR] [2017-04-02 11:25:54] com.rxtx.Main           71
[ERROR] [2017-04-02 11:25:54] com.rxtx.Main           72
[ERROR] [2017-04-02 11:25:54] com.rxtx.Main           73
[ERROR] [2017-04-02 11:25:54] com.rxtx.Main           74
[ERROR] [2017-04-02 11:25:54] com.rxtx.Main           75
[ERROR] [2017-04-02 11:25:54] com.rxtx.Main           76
[ERROR] [2017-04-02 11:25:54] com.rxtx.Main           77
[ERROR] [2017-04-02 11:25:54] com.rxtx.Main           78
[ERROR] [2017-04-02 11:25:54] com.rxtx.Main           79
[ERROR] [2017-04-02 11:25:54] com.rxtx.Main           80
[ERROR] [2017-04-02 11:25:54] com.rxtx.Main           81
[ERROR] [2017-04-02 11:25:54] com.rxtx.Main           82
[ERROR] [2017-04-02 11:25:54] com.rxtx.Main           83
[ERROR] [2017-04-02 11:25:54] com.rxtx.Main           84
[ERROR] [2017-04-02 11:25:54] com.rxtx.Main           85
[ERROR] [2017-04-02 11:25:54] com.rxtx.Main           86
[ERROR] [2017-04-02 11:25:54] com.rxtx.Main           87
[ERROR] [2017-04-02 11:25:54] com.rxtx.Main           88
[ERROR] [2017-04-02 11:25:54] com.rxtx.Main           89
[ERROR] [2017-04-02 11:25:54] com.rxtx.Main           90
[ERROR] [2017-04-02 11:25:54] com.rxtx.Main           91
[ERROR] [2017-04-02 11:25:54] com.rxtx.Main           92
[ERROR] [2017-04-02 11:25:54] com.rxtx.Main           93
[ERROR] [2017-04-02 11:25:54] com.rxtx.Main           94
[ERROR] [2017-04-02 11:25:54] com.rxtx.Main           95
[ERROR] [2017-04-02 11:25:54] com.rxtx.Main           96
[ERROR] [2017-04-02 11:25:54] com.rxtx.Main           97
[ERROR] [2017-04-02 11:25:54] com.rxtx.Main           98
[ERROR] [2017-04-02 11:25:54] com.rxtx.Main           99
[ERROR] [2017-04-02 13:21:57] com.rxtx.utils.PropertyUtil  D:\chuankouworkspace\workshop2\config.properties (系统找不到指定的文件。)
[ERROR] [2017-04-02 13:21:57] com.rxtx.db.JDBCUtils  Exception null
[ERROR] [2017-04-02 13:23:55] com.rxtx.db.JDBCUtils  Exception Access denied for user 'slashui'@'61.148.202.6' (using password: YES)
[DEBUG] [2017-04-02 13:25:54] com.rxtx.db.JDBCUtils  url jdbc:mysql://101.200.159.209:3306/workshop  slashui  Hsnjhmx0
[ERROR] [2017-04-02 13:25:54] com.rxtx.db.JDBCUtils  Exception Access denied for user 'slashui'@'61.148.202.6' (using password: YES)
[DEBUG] [2017-04-02 13:26:23] com.rxtx.db.JDBCUtils  url jdbc:mysql://rdsi69139ukaez21448y.mysql.rds.aliyuncs.com/workshop  slashui  Hsnjhmx0
[DEBUG] [2017-04-02 13:28:46] com.rxtx.Main         s3
[DEBUG] [2017-04-02 13:28:46] com.rxtx.Main         sCOM1
[DEBUG] [2017-04-02 13:28:46] com.rxtx.Main         sCOM2
[DEBUG] [2017-04-02 13:28:46] com.rxtx.Main         sCOM51
[ERROR] [2017-04-02 14:51:13] com.rxtx.Main         ports COM1
[ERROR] [2017-04-02 14:51:13] com.rxtx.Main         ports COM2
[ERROR] [2017-04-02 14:51:13] com.rxtx.Main         ports COM5
[ERROR] [2017-04-02 14:51:13] com.rxtx.Main         ports COM50
[ERROR] [2017-04-02 14:51:13] com.rxtx.Main         ports COM51
[ERROR] [2017-04-02 14:52:11] com.rxtx.Main         ports COM5
[ERROR] [2017-04-02 14:52:12] com.rxtx.Main         ports COM50
[ERROR] [2017-04-02 14:52:12] com.rxtx.Main         ports COM51
[DEBUG] [2017-04-02 14:54:21] com.rxtx.db.JDBCUtils  url jdbc:mysql://rdsi69139ukaez21448y.mysql.rds.aliyuncs.com/workshop  slashui  Hsnjhmx0
[DEBUG] [2017-04-02 14:54:22] com.rxtx.db.JDBCUtils  url jdbc:mysql://rdsi69139ukaez21448y.mysql.rds.aliyuncs.com/workshop  slashui  Hsnjhmx0
[DEBUG] [2017-04-02 14:54:23] com.rxtx.db.JDBCUtils  url jdbc:mysql://rdsi69139ukaez21448y.mysql.rds.aliyuncs.com/workshop  slashui  Hsnjhmx0
[DEBUG] [2017-04-02 14:54:24] com.rxtx.db.JDBCUtils  url jdbc:mysql://rdsi69139ukaez21448y.mysql.rds.aliyuncs.com/workshop  slashui  Hsnjhmx0
[DEBUG] [2017-04-02 14:54:25] com.rxtx.db.JDBCUtils  url jdbc:mysql://rdsi69139ukaez21448y.mysql.rds.aliyuncs.com/workshop  slashui  Hsnjhmx0
[ERROR] [2017-04-02 14:54:49] com.rxtx.Main         ports COM5
[ERROR] [2017-04-02 14:54:49] com.rxtx.Main         ports COM50
[ERROR] [2017-04-02 14:54:49] com.rxtx.Main         ports COM51
[DEBUG] [2017-04-02 15:01:22] com.rxtx.db.JDBCUtils  url jdbc:mysql://rdsi69139ukaez21448y.mysql.rds.aliyuncs.com/workshop  slashui  Hsnjhmx0
[DEBUG] [2017-04-02 15:01:23] com.rxtx.db.JDBCUtils  url jdbc:mysql://rdsi69139ukaez21448y.mysql.rds.aliyuncs.com/workshop  slashui  Hsnjhmx0
[DEBUG] [2017-04-02 15:01:24] com.rxtx.db.JDBCUtils  url jdbc:mysql://rdsi69139ukaez21448y.mysql.rds.aliyuncs.com/workshop  slashui  Hsnjhmx0
[DEBUG] [2017-04-02 15:01:25] com.rxtx.db.JDBCUtils  url jdbc:mysql://rdsi69139ukaez21448y.mysql.rds.aliyuncs.com/workshop  slashui  Hsnjhmx0
[DEBUG] [2017-04-02 15:01:26] com.rxtx.db.JDBCUtils  url jdbc:mysql://rdsi69139ukaez21448y.mysql.rds.aliyuncs.com/workshop  slashui  Hsnjhmx0
[DEBUG] [2017-04-02 15:01:27] com.rxtx.db.JDBCUtils  url jdbc:mysql://rdsi69139ukaez21448y.mysql.rds.aliyuncs.com/workshop  slashui  Hsnjhmx0
[DEBUG] [2017-04-02 15:01:28] com.rxtx.db.JDBCUtils  url jdbc:mysql://rdsi69139ukaez21448y.mysql.rds.aliyuncs.com/workshop  slashui  Hsnjhmx0
[DEBUG] [2017-04-02 15:01:29] com.rxtx.db.JDBCUtils  url jdbc:mysql://rdsi69139ukaez21448y.mysql.rds.aliyuncs.com/workshop  slashui  Hsnjhmx0
[DEBUG] [2017-04-02 15:01:30] com.rxtx.db.JDBCUtils  url jdbc:mysql://rdsi69139ukaez21448y.mysql.rds.aliyuncs.com/workshop  slashui  Hsnjhmx0
[DEBUG] [2017-04-02 15:01:31] com.rxtx.db.JDBCUtils  url jdbc:mysql://rdsi69139ukaez21448y.mysql.rds.aliyuncs.com/workshop  slashui  Hsnjhmx0
[DEBUG] [2017-04-02 15:01:32] com.rxtx.db.JDBCUtils  url jdbc:mysql://rdsi69139ukaez21448y.mysql.rds.aliyuncs.com/workshop  slashui  Hsnjhmx0
[DEBUG] [2017-04-02 15:01:33] com.rxtx.db.JDBCUtils  url jdbc:mysql://rdsi69139ukaez21448y.mysql.rds.aliyuncs.com/workshop  slashui  Hsnjhmx0
[DEBUG] [2017-04-02 15:01:34] com.rxtx.db.JDBCUtils  url jdbc:mysql://rdsi69139ukaez21448y.mysql.rds.aliyuncs.com/workshop  slashui  Hsnjhmx0
[DEBUG] [2017-04-02 15:01:35] com.rxtx.db.JDBCUtils  url jdbc:mysql://rdsi69139ukaez21448y.mysql.rds.aliyuncs.com/workshop  slashui  Hsnjhmx0
[DEBUG] [2017-04-02 15:01:36] com.rxtx.db.JDBCUtils  url jdbc:mysql://rdsi69139ukaez21448y.mysql.rds.aliyuncs.com/workshop  slashui  Hsnjhmx0
[DEBUG] [2017-04-02 15:01:37] com.rxtx.db.JDBCUtils  url jdbc:mysql://rdsi69139ukaez21448y.mysql.rds.aliyuncs.com/workshop  slashui  Hsnjhmx0
[DEBUG] [2017-04-02 15:01:38] com.rxtx.db.JDBCUtils  url jdbc:mysql://rdsi69139ukaez21448y.mysql.rds.aliyuncs.com/workshop  slashui  Hsnjhmx0
[DEBUG] [2017-04-02 15:01:39] com.rxtx.db.JDBCUtils  url jdbc:mysql://rdsi69139ukaez21448y.mysql.rds.aliyuncs.com/workshop  slashui  Hsnjhmx0
[DEBUG] [2017-04-02 15:01:40] com.rxtx.db.JDBCUtils  url jdbc:mysql://rdsi69139ukaez21448y.mysql.rds.aliyuncs.com/workshop  slashui  Hsnjhmx0
[DEBUG] [2017-04-02 15:01:41] com.rxtx.db.JDBCUtils  url jdbc:mysql://rdsi69139ukaez21448y.mysql.rds.aliyuncs.com/workshop  slashui  Hsnjhmx0
[DEBUG] [2017-04-02 15:01:42] com.rxtx.db.JDBCUtils  url jdbc:mysql://rdsi69139ukaez21448y.mysql.rds.aliyuncs.com/workshop  slashui  Hsnjhmx0
[DEBUG] [2017-04-02 15:01:43] com.rxtx.db.JDBCUtils  url jdbc:mysql://rdsi69139ukaez21448y.mysql.rds.aliyuncs.com/workshop  slashui  Hsnjhmx0
[DEBUG] [2017-04-02 15:01:44] com.rxtx.db.JDBCUtils  url jdbc:mysql://rdsi69139ukaez21448y.mysql.rds.aliyuncs.com/workshop  slashui  Hsnjhmx0
[DEBUG] [2017-04-02 15:05:51] com.rxtx.db.JDBCUtils  url jdbc:mysql://rdsi69139ukaez21448y.mysql.rds.aliyuncs.com/workshop  slashui  Hsnjhmx0
[DEBUG] [2017-04-02 15:05:51] com.rxtx.SerialReader  Port:COM50ReadData: 1100ee00e2000015271600751100a82ac967
[DEBUG] [2017-04-02 15:05:51] com.rxtx.db.JDBCUtils  url jdbc:mysql://rdsi69139ukaez21448y.mysql.rds.aliyuncs.com/workshop  slashui  Hsnjhmx0
[DEBUG] [2017-04-02 15:05:51] com.rxtx.SerialReader  Port:COM50ReadData: 1100ee00e2000015271600751100a82ac967
[DEBUG] [2017-04-02 15:05:52] com.rxtx.db.JDBCUtils  url jdbc:mysql://rdsi69139ukaez21448y.mysql.rds.aliyuncs.com/workshop  slashui  Hsnjhmx0
[DEBUG] [2017-04-02 15:05:52] com.rxtx.SerialReader  Port:COM50ReadData: 1100ee00e2000015271600751100a82ac967
[DEBUG] [2017-04-02 15:05:53] com.rxtx.db.JDBCUtils  url jdbc:mysql://rdsi69139ukaez21448y.mysql.rds.aliyuncs.com/workshop  slashui  Hsnjhmx0
[DEBUG] [2017-04-02 15:05:53] com.rxtx.SerialReader  Port:COM50ReadData: 1100ee00e2000015271600751100a82ac967
[DEBUG] [2017-04-02 15:05:54] com.rxtx.db.JDBCUtils  url jdbc:mysql://rdsi69139ukaez21448y.mysql.rds.aliyuncs.com/workshop  slashui  Hsnjhmx0
[DEBUG] [2017-04-02 15:05:54] com.rxtx.SerialReader  Port:COM50ReadData: 1100ee00e2000015271600751100a82ac967
[DEBUG] [2017-04-02 15:05:55] com.rxtx.db.JDBCUtils  url jdbc:mysql://rdsi69139ukaez21448y.mysql.rds.aliyuncs.com/workshop  slashui  Hsnjhmx0
[DEBUG] [2017-04-02 15:05:55] com.rxtx.SerialReader  Port:COM50ReadData: 1100ee00e2000015271600751100a82ac967
[DEBUG] [2017-04-02 15:05:56] com.rxtx.db.JDBCUtils  url jdbc:mysql://rdsi69139ukaez21448y.mysql.rds.aliyuncs.com/workshop  slashui  Hsnjhmx0
[DEBUG] [2017-04-02 15:05:56] com.rxtx.SerialReader  Port:COM50ReadData: 1100ee00e2000015271600751100a82ac967
[DEBUG] [2017-04-02 15:07:00] com.rxtx.SerialReader   Port: COM50  ReadData: 1100ee00e2000015271600751100a82ac967
[DEBUG] [2017-04-02 15:07:00] com.rxtx.SerialReader   Port: COM50  ReadData: 1100ee00e2000015271600751100a82ac967
[DEBUG] [2017-04-02 15:07:01] com.rxtx.SerialReader   Port: COM50  ReadData: 1100ee00e2000015271600751100a82ac967
[DEBUG] [2017-04-02 15:07:02] com.rxtx.SerialReader   Port: COM50  ReadData: 1100ee00e2000015271600751100a82ac967
[DEBUG] [2017-04-02 15:07:03] com.rxtx.SerialReader   Port: COM50  ReadData: 1100ee00e2000015271600751100a82ac967
[DEBUG] [2017-04-02 15:07:04] com.rxtx.SerialReader   Port: COM50  ReadData: 1100ee00e2000015271600751100a82ac967
[DEBUG] [2017-04-02 15:07:05] com.rxtx.SerialReader   Port: COM50  ReadData: 1100ee00e2000015271600751100a82ac967
[DEBUG] [2017-04-02 15:07:06] com.rxtx.SerialReader   Port: COM50  ReadData: 1100ee00e2000015271600751100a82ac967
[DEBUG] [2017-04-02 15:07:07] com.rxtx.SerialReader   Port: COM50  ReadData: 1100ee00e2000015271600751100a82ac967
[DEBUG] [2017-04-02 15:07:08] com.rxtx.SerialReader   Port: COM50  ReadData: 1100ee00e2000015271600751100a82ac967
[DEBUG] [2017-04-02 15:07:09] com.rxtx.SerialReader   Port: COM50  ReadData: 1100ee00e2000015271600751100a82ac967
[DEBUG] [2017-04-02 15:07:10] com.rxtx.SerialReader   Port: COM50  ReadData: 1100ee00e2000015271600751100a82ac967
[DEBUG] [2017-04-02 15:07:11] com.rxtx.SerialReader   Port: COM50  ReadData: 1100ee00e2000015271600751100a82ac967
[DEBUG] [2017-04-02 15:07:12] com.rxtx.SerialReader   Port: COM50  ReadData: 1100ee00e2000015271600751100a82ac967
[DEBUG] [2017-04-02 15:07:13] com.rxtx.SerialReader   Port: COM50  ReadData: 1100ee00e2000015271600751100a82ac967
[DEBUG] [2017-04-02 15:07:14] com.rxtx.SerialReader   Port: COM50  ReadData: 1100ee00e2000015271600751100a82ac967
[DEBUG] [2017-04-02 15:07:15] com.rxtx.SerialReader   Port: COM50  ReadData: 1100ee00e2000015271600751100a82ac967
[DEBUG] [2017-04-02 15:07:16] com.rxtx.SerialReader   Port: COM50  ReadData: 1100ee00e2000015271600751100a82ac967
[DEBUG] [2017-04-02 15:07:17] com.rxtx.SerialReader   Port: COM50  ReadData: 1100ee00e2000015271600751100a82ac967
[DEBUG] [2017-04-02 15:07:18] com.rxtx.SerialReader   Port: COM50  ReadData: 1100ee00e2000015271600751100a82ac967
[DEBUG] [2017-04-02 15:07:19] com.rxtx.SerialReader   Port: COM50  ReadData: 1100ee00e2000015271600751100a82ac967
[DEBUG] [2017-04-02 15:07:20] com.rxtx.SerialReader   Port: COM50  ReadData: 1100ee00e2000015271600751100a82ac967
[DEBUG] [2017-04-02 15:07:21] com.rxtx.SerialReader   Port: COM50  ReadData: 1100ee00e2000015271600751100a82ac967
[DEBUG] [2017-04-02 15:07:22] com.rxtx.SerialReader   Port: COM50  ReadData: 1100ee00e2000015271600751100a82ac967
[DEBUG] [2017-04-02 15:07:23] com.rxtx.SerialReader   Port: COM50  ReadData: 1100ee00e2000015271600751100a82ac967
[DEBUG] [2017-04-02 15:07:24] com.rxtx.SerialReader   Port: COM50  ReadData: 1100ee00e2000015271600751100a82ac967
[DEBUG] [2017-04-02 15:07:25] com.rxtx.SerialReader   Port: COM50  ReadData: 1100ee00e2000015271600751100a82ac967
[DEBUG] [2017-04-02 15:07:26] com.rxtx.SerialReader   Port: COM50  ReadData: 1100ee00e2000015271600751100a82ac967
[DEBUG] [2017-04-02 15:07:27] com.rxtx.SerialReader   Port: COM50  ReadData: 1100ee00e2000015271600751100a82ac967
[DEBUG] [2017-04-02 15:07:28] com.rxtx.SerialReader   Port: COM50  ReadData: 1100ee00e2000015271600751100a82ac967
[DEBUG] [2017-04-02 15:07:29] com.rxtx.SerialReader   Port: COM50  ReadData: 1100ee00e2000015271600751100a82ac967
[DEBUG] [2017-04-02 15:07:30] com.rxtx.SerialReader   Port: COM50  ReadData: 1100ee00e2000015271600751100a82ac967
[DEBUG] [2017-04-02 15:07:31] com.rxtx.SerialReader   Port: COM50  ReadData: 1100ee00e2000015271600751100a82ac967
[DEBUG] [2017-04-02 15:07:32] com.rxtx.SerialReader   Port: COM50  ReadData: 1100ee00e2000015271600751100a82ac967
[DEBUG] [2017-04-02 15:07:33] com.rxtx.SerialReader   Port: COM50  ReadData: 1100ee00e2000015271600751100a82ac967
[DEBUG] [2017-04-02 15:07:34] com.rxtx.SerialReader   Port: COM50  ReadData: 1100ee00e2000015271600751100a82ac967
[DEBUG] [2017-04-02 15:07:35] com.rxtx.SerialReader   Port: COM50  ReadData: 1100ee00e2000015271600751100a82ac967
[DEBUG] [2017-04-02 15:07:36] com.rxtx.SerialReader   Port: COM50  ReadData: 1100ee00e2000015271600751100a82ac967
[DEBUG] [2017-04-02 15:07:37] com.rxtx.SerialReader   Port: COM50  ReadData: 1100ee00e2000015271600751100a82ac967
[DEBUG] [2017-04-02 15:07:38] com.rxtx.SerialReader   Port: COM50  ReadData: 1100ee00e2000015271600751100a82ac967
[DEBUG] [2017-04-02 15:07:39] com.rxtx.SerialReader   Port: COM50  ReadData: 1100ee00e2000015271600751100a82ac967
[DEBUG] [2017-04-02 15:07:40] com.rxtx.SerialReader   Port: COM50  ReadData: 1100ee00e2000015271600751100a82ac967
[DEBUG] [2017-04-02 15:07:41] com.rxtx.SerialReader   Port: COM50  ReadData: 1100ee00e2000015271600751100a82ac967
[DEBUG] [2017-04-02 15:07:42] com.rxtx.SerialReader   Port: COM50  ReadData: 1100ee00e2000015271600751100a82ac967
[DEBUG] [2017-04-02 15:07:43] com.rxtx.SerialReader   Port: COM50  ReadData: 1100ee00e2000015271600751100a82ac967
[DEBUG] [2017-04-02 15:07:44] com.rxtx.SerialReader   Port: COM50  ReadData: 1100ee00e2000015271600751100a82ac967
[DEBUG] [2017-04-02 15:07:45] com.rxtx.SerialReader   Port: COM50  ReadData: 1100ee00e2000015271600751100a82ac967
[DEBUG] [2017-04-02 15:07:46] com.rxtx.SerialReader   Port: COM50  ReadData: 1100ee00e2000015271600751100a82ac967
[DEBUG] [2017-04-02 15:07:54] com.rxtx.SerialReader   Port: COM51  ReadData: 18786080e6988686f87e9ef87e9e066018fe
[DEBUG] [2017-04-02 15:07:55] com.rxtx.SerialReader   Port: COM51  ReadData: 18786018068686f87e9e86f87e9e066018fe
[DEBUG] [2017-04-02 15:07:55] com.rxtx.SerialReader   Port: COM51  ReadData: 066018fe18786018068686f87e9e066018fe
[DEBUG] [2017-04-02 15:07:56] com.rxtx.SerialReader   Port: COM51  ReadData: 066018fe18786018068686f87e9e066018fe
[DEBUG] [2017-04-02 15:07:57] com.rxtx.SerialReader   Port: COM51  ReadData: 066018fe1878600686f87e9e7e9e066018fe
[DEBUG] [2017-04-02 15:07:58] com.rxtx.SerialReader   Port: COM51  ReadData: 066018fe1878601806f87e9e7e9e066018fe
[DEBUG] [2017-04-02 15:07:59] com.rxtx.SerialReader   Port: COM51  ReadData: 066018fe18786018068686f87e9e066018fe
[DEBUG] [2017-04-02 15:08:00] com.rxtx.SerialReader   Port: COM51  ReadData: 066066661806e6988686f87e9e9e066018fe
[DEBUG] [2017-04-02 15:08:01] com.rxtx.SerialReader   Port: COM51  ReadData: 066018fe0686f87e9e86f87e9e9e066018fe
[DEBUG] [2017-04-02 15:08:02] com.rxtx.SerialReader   Port: COM51  ReadData: 066018fe18786018069ef87e9e9e066018fe
[DEBUG] [2017-04-02 15:08:03] com.rxtx.SerialReader   Port: COM51  ReadData: 066018fe18786018068686f87e9e066018fe
[DEBUG] [2017-04-02 15:08:04] com.rxtx.SerialReader   Port: COM51  ReadData: 066080e6988686f87e9e86f87e9e066018fe
[DEBUG] [2017-04-02 15:08:05] com.rxtx.SerialReader   Port: COM51  ReadData: 066018fe187860988686f87e9e9e066018fe
[DEBUG] [2017-04-02 15:08:06] com.rxtx.SerialReader   Port: COM51  ReadData: 066018fe18786018068686f87e9e066018fe
[DEBUG] [2017-04-02 15:08:07] com.rxtx.SerialReader   Port: COM51  ReadData: 066018fe78600686f87e9ef87e9e066018fe
[DEBUG] [2017-04-02 15:08:08] com.rxtx.SerialReader   Port: COM51  ReadData: 066018fe187860180686f87e9e9e066018fe
[DEBUG] [2017-04-02 15:08:09] com.rxtx.SerialReader   Port: COM51  ReadData: 066018fe187860f87e9ef87e9e9e066018fe
[DEBUG] [2017-04-02 15:08:10] com.rxtx.SerialReader   Port: COM51  ReadData: 066018fe18786018069ef87e9e9e066018fe
[DEBUG] [2017-04-02 15:08:11] com.rxtx.SerialReader   Port: COM51  ReadData: 066060f87e9e6018069ef87e9e9e066018fe
[DEBUG] [2017-04-02 15:08:12] com.rxtx.SerialReader   Port: COM51  ReadData: 066018fe18786018068686f87e9e066018fe
[DEBUG] [2017-04-02 15:08:13] com.rxtx.SerialReader   Port: COM51  ReadData: 066018fe18786018068686f87e9e066018fe
[DEBUG] [2017-04-02 15:08:14] com.rxtx.SerialReader   Port: COM51  ReadData: 066018fe187860e6988686f87e9e066018fe
[DEBUG] [2017-04-02 15:08:15] com.rxtx.SerialReader   Port: COM51  ReadData: 0660fe78600686f87e9e86f87e9e066018fe
[DEBUG] [2017-04-02 15:08:16] com.rxtx.SerialReader   Port: COM51  ReadData: 066018fe18786018068686f87e9e066018fe
[DEBUG] [2017-04-02 15:34:54] com.rxtx.SerialReader   Port: COM51  ReadData: 066018fe18786018068686f87e9e00000000
[DEBUG] [2017-04-02 15:35:11] com.rxtx.SerialReader   Port: COM51  ReadData: 066018fe18786018068686f87e9e00000000
[DEBUG] [2017-04-02 15:35:12] com.rxtx.SerialReader   Port: COM51  ReadData: 066018fe18786018068686f87e9e00000000
[DEBUG] [2017-04-02 15:35:18] com.rxtx.SerialReader   Port: COM51  ReadData: 066018fe18786018068686f87e9e00000000
[DEBUG] [2017-04-02 15:36:07] com.rxtx.SerialReader   Port: COM51  ReadData: 066018fe18786018068686f87e9e00000000
[DEBUG] [2017-04-02 15:36:15] com.rxtx.SerialReader   Port: COM51  ReadData: 066018fe18786018068686f87e9e00000000
[DEBUG] [2017-04-02 15:36:24] com.rxtx.SerialReader   Port: COM51  ReadData: 066018fe18786018068686f87e9e00000000
[DEBUG] [2017-04-02 15:36:30] com.rxtx.SerialReader   Port: COM51  ReadData: 066018fe18786018068686f87e9e00000000
[DEBUG] [2017-04-02 15:36:38] com.rxtx.SerialReader   Port: COM51  ReadData: 066018fe18786018068686f87e9e00000000
[DEBUG] [2017-04-02 15:36:39] com.rxtx.SerialReader   Port: COM51  ReadData: 066018fe80e6988686f87e9e7e9e00000000
[DEBUG] [2017-04-02 15:36:48] com.rxtx.SerialReader   Port: COM51  ReadData: 066018fe18786018068686f87e9e00000000
[DEBUG] [2017-04-02 15:36:49] com.rxtx.SerialReader   Port: COM51  ReadData: 066018fe187860f87e9e86f87e9e00000000
[DEBUG] [2017-04-02 15:36:53] com.rxtx.SerialReader   Port: COM51  ReadData: 066018fe18786018068686f87e9e00000000
[DEBUG] [2017-04-02 15:37:08] com.rxtx.SerialReader   Port: COM51  ReadData: 066018fe18786018068686f87e9e00000000
[DEBUG] [2017-04-02 15:37:14] com.rxtx.SerialReader   Port: COM51  ReadData: 066018fe18786018068686f87e9e00000000
[DEBUG] [2017-04-02 15:37:23] com.rxtx.SerialReader   Port: COM51  ReadData: 066018fe18786018068686f87e9e00000000
[DEBUG] [2017-04-02 15:37:36] com.rxtx.SerialReader   Port: COM51  ReadData: 066018fe18786018068686f87e9e00000000
[DEBUG] [2017-04-02 15:37:40] com.rxtx.SerialReader   Port: COM51  ReadData: 066018fe18786018068686f87e9e00000000
[DEBUG] [2017-04-02 15:38:05] com.rxtx.SerialReader   Port: COM51  ReadData: 066018fe187860f87e9e86f87e9e00000000
[DEBUG] [2017-04-02 15:38:15] com.rxtx.SerialReader   Port: COM51  ReadData: 066018fe18786018068686f87e9e00000000
[DEBUG] [2017-04-02 15:38:37] com.rxtx.SerialReader   Port: COM51  ReadData: 066018fe18786018069e86f87e9e00000000
[DEBUG] [2017-04-02 15:39:11] com.rxtx.SerialReader   Port: COM51  ReadData: 066018fe18786018068686f87e9e00000000
[DEBUG] [2017-04-02 15:39:36] com.rxtx.SerialReader   Port: COM51  ReadData: 066018fe18786018068686f87e9e00000000
[DEBUG] [2017-04-02 15:40:15] com.rxtx.SerialReader   Port: COM51  ReadData: 066018fe18786018068686f87e9e00000000
[DEBUG] [2017-04-02 15:40:43] com.rxtx.SerialReader   Port: COM51  ReadData: 066018fe18786018068686f87e9e00000000
[DEBUG] [2017-04-02 17:49:13] com.rxtx.SerialReader   Port: COM51  ReadData: 0660666018786066661806e6988686f87e9e
[DEBUG] [2017-04-02 17:49:14] com.rxtx.SerialReader   Port: COM51  ReadData: 066018fe66661806e6988686f87e9ef87e9e
[DEBUG] [2017-04-02 17:49:15] com.rxtx.SerialReader   Port: COM51  ReadData: 066060f87e9e1806e6988686f87e9ef87e9e
[DEBUG] [2017-04-02 17:49:16] com.rxtx.SerialReader   Port: COM51  ReadData: 066018fe1878609ee6988686f87e9ef87e9e
[DEBUG] [2017-04-02 17:49:17] com.rxtx.SerialReader   Port: COM51  ReadData: 066018fe1878601806988686f87e9ef87e9e
[DEBUG] [2017-04-02 17:49:18] com.rxtx.SerialReader   Port: COM51  ReadData: 066018fe1878607e9e988686f87e9ef87e9e
[DEBUG] [2017-04-02 17:49:19] com.rxtx.SerialReader   Port: COM51  ReadData: 066060e6988686f87e9e8686f87e9ef87e9e
[DEBUG] [2017-04-02 17:49:20] com.rxtx.SerialReader   Port: COM51  ReadData: 066018fe18786018068686f87e9e9ef87e9e
[DEBUG] [2017-04-02 17:49:21] com.rxtx.SerialReader   Port: COM51  ReadData: 066018fe18068686f87e9ef87e9e9ef87e9e
[DEBUG] [2017-04-02 17:49:22] com.rxtx.SerialReader   Port: COM51  ReadData: 066060f87e9e8686f87e9ef87e9e9ef87e9e
[DEBUG] [2017-04-02 17:49:23] com.rxtx.SerialReader   Port: COM51  ReadData: 066018fe18786018068686f87e9e9ef87e9e
[DEBUG] [2017-04-02 17:49:24] com.rxtx.SerialReader   Port: COM51  ReadData: 066018fe18786018068686f87e9e9ef87e9e
[DEBUG] [2017-04-02 17:49:25] com.rxtx.SerialReader   Port: COM51  ReadData: 0660fe78600686f87e9e86f87e9e9ef87e9e
[DEBUG] [2017-04-02 17:49:26] com.rxtx.SerialReader   Port: COM51  ReadData: 066018fe18786018069e86f87e9e9ef87e9e
[DEBUG] [2017-04-02 17:49:27] com.rxtx.SerialReader   Port: COM51  ReadData: 06607860f87e9e18069e86f87e9e9ef87e9e
[DEBUG] [2017-04-02 17:49:28] com.rxtx.SerialReader   Port: COM51  ReadData: 066018fe661806988686f87e9e9e9ef87e9e
[DEBUG] [2017-04-02 17:49:29] com.rxtx.SerialReader   Port: COM51  ReadData: 066018fe18786018068686f87e9e9ef87e9e
[DEBUG] [2017-04-02 17:49:43] com.rxtx.SerialReader   Port: COM51  ReadData: 066080e6988686f87e9e0000000000000000
[DEBUG] [2017-04-02 17:49:43] com.rxtx.SerialReader   Port: COM51  ReadData: 066018fe18786018069e0000000000000000
[DEBUG] [2017-04-02 17:49:44] com.rxtx.SerialReader   Port: COM51  ReadData: 066018fe1878601806f87e9e000000000000
[DEBUG] [2017-04-02 17:49:45] com.rxtx.SerialReader   Port: COM51  ReadData: 066018fe18786018068686f87e9e00000000
[DEBUG] [2017-04-02 17:49:46] com.rxtx.SerialReader   Port: COM51  ReadData: 066060f87e9e6018068686f87e9e00000000
[DEBUG] [2017-04-02 17:49:48] com.rxtx.SerialReader   Port: COM51  ReadData: 066018fe661806988686f87e9e9e00000000
[DEBUG] [2017-04-02 17:49:49] com.rxtx.SerialReader   Port: COM51  ReadData: 066018fe18786080e6988686f87e9e000000
[DEBUG] [2017-04-02 17:50:32] com.rxtx.SerialReader   Port: COM51  ReadData: 8666f8061e0660800680609e068000000000
[DEBUG] [2017-04-02 17:50:32] com.rxtx.SerialReader   Port: COM51  ReadData: f8061e06606678f8800680609e0680fe8666
[DEBUG] [2017-04-02 17:50:33] com.rxtx.SerialReader   Port: COM51  ReadData: 061e18fe6678f8800680609e0680fe8666f8
[DEBUG] [2017-04-02 17:50:35] com.rxtx.SerialReader   Port: COM51  ReadData: 061e18fe6678f8800680609e0680fe8666f8
[DEBUG] [2017-04-02 17:50:36] com.rxtx.SerialReader   Port: COM51  ReadData: 066018fe6678f8800680609e0680fe8666f8
[DEBUG] [2017-04-02 17:50:37] com.rxtx.SerialReader   Port: COM51  ReadData: 06600666986678f8800680609e06808666f8
[DEBUG] [2017-04-02 17:50:38] com.rxtx.SerialReader   Port: COM51  ReadData: 8666f80660986678f8800680609e068018fe
[DEBUG] [2017-04-02 17:50:39] com.rxtx.SerialReader   Port: COM51  ReadData: f8061e18fe6678f8800680609e0680fe8666
[DEBUG] [2017-04-02 17:50:40] com.rxtx.SerialReader   Port: COM51  ReadData: 0660fe78f8800680609e06809e0680fe8666
[DEBUG] [2017-04-02 18:05:01] com.rxtx.SerialReader   Port: COM50  ReadData: 1100ee00e2005169650e01640120fa797198
[DEBUG] [2017-04-02 18:05:01] com.rxtx.SerialReader   Port: COM50  ReadData: 1100ee00e2005169650e01640120fa797198
[DEBUG] [2017-04-02 18:05:02] com.rxtx.SerialReader   Port: COM50  ReadData: 1100ee00e2005169650e01640120fa797198
[DEBUG] [2017-04-02 18:05:05] com.rxtx.SerialReader   Port: COM50  ReadData: 1100ee00e2005169650e01640120fa797198
[DEBUG] [2017-04-02 18:05:08] com.rxtx.SerialReader   Port: COM50  ReadData: 1100ee00e2005169650e01640120fa797198
[DEBUG] [2017-04-02 18:05:09] com.rxtx.SerialReader   Port: COM50  ReadData: 1100ee00e2005169650e01640120fa797198
[DEBUG] [2017-04-02 18:05:11] com.rxtx.SerialReader   Port: COM50  ReadData: 1100ee00e2005169650e01640120fa797198
[DEBUG] [2017-04-02 18:05:12] com.rxtx.SerialReader   Port: COM50  ReadData: 1100ee00e2005169650e01640120fa797198
[DEBUG] [2017-04-02 18:05:13] com.rxtx.SerialReader   Port: COM50  ReadData: 1100ee00e2005169650e01640120fa797198
[DEBUG] [2017-04-02 18:05:16] com.rxtx.SerialReader   Port: COM50  ReadData: 1100ee00e2000015510600910660d5edfc22
[DEBUG] [2017-04-02 18:05:17] com.rxtx.SerialReader   Port: COM50  ReadData: 1100ee00e2000015510600910660d5edfc22
[DEBUG] [2017-04-02 18:05:18] com.rxtx.SerialReader   Port: COM50  ReadData: 1100ee00e2000015510600910660d5edfc22
[DEBUG] [2017-04-02 18:05:18] com.rxtx.SerialReader   Port: COM50  ReadData: 1100ee00e2000015510600910660d5edfc22
[DEBUG] [2017-04-02 18:05:19] com.rxtx.SerialReader   Port: COM50  ReadData: 1100ee00e2000015510600910660d5edfc22
[DEBUG] [2017-04-02 18:05:20] com.rxtx.SerialReader   Port: COM50  ReadData: 1100ee00e2000015510600910660d5edfc22
[DEBUG] [2017-04-02 18:05:21] com.rxtx.SerialReader   Port: COM50  ReadData: 1100ee00e2000015510600910660d5edfc22
[DEBUG] [2017-04-02 18:05:23] com.rxtx.SerialReader   Port: COM50  ReadData: 1100ee00e2000015510600910660d5edfc22
[DEBUG] [2017-04-02 18:05:24] com.rxtx.SerialReader   Port: COM50  ReadData: 1100ee00e2000015510600910660d5edfc22
[DEBUG] [2017-04-02 18:05:25] com.rxtx.SerialReader   Port: COM50  ReadData: 1100ee00e2000015510600910660d5edfc22
[DEBUG] [2017-04-02 18:06:21] com.rxtx.SerialReader   Port: COM50  ReadData: 1100ee00e2000015510600910660d5edfc22
[DEBUG] [2017-04-02 18:06:22] com.rxtx.SerialReader   Port: COM50  ReadData: 1100ee00e2000015510600910660d5edfc22
[DEBUG] [2017-04-02 18:06:22] com.rxtx.SerialReader   Port: COM50  ReadData: 1100ee00e2000015510600910660d5edfc22
[DEBUG] [2017-04-02 18:06:24] com.rxtx.SerialReader   Port: COM50  ReadData: 1100ee00e2000015510600910660d5edfc22
[DEBUG] [2017-04-02 18:06:25] com.rxtx.SerialReader   Port: COM50  ReadData: 1100ee00e2000015510600910660d5edfc22
[DEBUG] [2017-04-02 18:06:26] com.rxtx.SerialReader   Port: COM50  ReadData: 1100ee00e2000015271600751100a82ac967
[DEBUG] [2017-04-02 18:06:26] com.rxtx.SerialReader   Port: COM50  ReadData: 1100ee00e2000015510600910660d5edfc22
[DEBUG] [2017-04-02 18:06:27] com.rxtx.SerialReader   Port: COM50  ReadData: 1100ee00e2000015510600910660d5edfc22
[DEBUG] [2017-04-02 18:06:28] com.rxtx.SerialReader   Port: COM50  ReadData: 1100ee00e2000015510600910660d5edfc22
[DEBUG] [2017-04-02 18:12:21] com.rxtx.SerialReader   Port: COM50  ReadData: 1100ee00e2000015510600910660d5edfc22
[DEBUG] [2017-04-02 18:12:22] com.rxtx.SerialReader   Port: COM50  ReadData: 1100ee00e2000015510600910660d5edfc22
[DEBUG] [2017-04-02 18:12:22] com.rxtx.SerialReader   Port: COM50  ReadData: 1100ee00e2000015510600910660d5edfc22
[DEBUG] [2017-04-02 18:12:23] com.rxtx.SerialReader   Port: COM50  ReadData: 1100ee00e2000015510600910660d5edfc22
[DEBUG] [2017-04-02 18:12:24] com.rxtx.SerialReader   Port: COM50  ReadData: 1100ee00e2000015510600910660d5edfc22
[DEBUG] [2017-04-02 18:12:25] com.rxtx.SerialReader   Port: COM50  ReadData: 1100ee00e2000015510600910660d5edfc22
[DEBUG] [2017-04-02 18:12:26] com.rxtx.SerialReader   Port: COM50  ReadData: 1100ee00e2000015510600910660d5edfc22
[DEBUG] [2017-04-02 18:12:27] com.rxtx.SerialReader   Port: COM50  ReadData: 1100ee00e2000015510600910660d5edfc22
[DEBUG] [2017-04-02 18:12:28] com.rxtx.SerialReader   Port: COM50  ReadData: 1100ee00e2000015510600910660d5edfc22
[DEBUG] [2017-04-02 18:12:29] com.rxtx.SerialReader   Port: COM50  ReadData: 1100ee00e2000015510600910660d5edfc22
[DEBUG] [2017-04-02 18:12:30] com.rxtx.SerialReader   Port: COM50  ReadData: 1100ee00e2000015510600910660d5edfc22
[ERROR] [2017-04-02 18:13:06] com.rxtx.SerialReader  legth 1100ee00e2000015510600910660d5edfc22
[DEBUG] [2017-04-02 18:13:07] com.rxtx.SerialReader   Port: COM50  ReadData: 1100ee00e2000015510600910660d5edfc22
[ERROR] [2017-04-02 18:13:07] com.rxtx.SerialReader  legth 1100ee00e2000015510600910660d5edfc22
[DEBUG] [2017-04-02 18:13:07] com.rxtx.SerialReader   Port: COM50  ReadData: 1100ee00e2000015510600910660d5edfc22
[ERROR] [2017-04-02 18:13:08] com.rxtx.SerialReader  legth 1100ee00e2000015510600910660d5edfc22
[DEBUG] [2017-04-02 18:13:09] com.rxtx.SerialReader   Port: COM50  ReadData: 1100ee00e2000015510600910660d5edfc22
[ERROR] [2017-04-02 18:13:09] com.rxtx.SerialReader  legth 1100ee00e2000015510600910660d5edfc22
[DEBUG] [2017-04-02 18:13:10] com.rxtx.SerialReader   Port: COM50  ReadData: 1100ee00e2000015510600910660d5edfc22
[ERROR] [2017-04-02 18:13:10] com.rxtx.SerialReader  legth 1100ee00e2000015510600910660d5edfc22
[DEBUG] [2017-04-02 18:13:11] com.rxtx.SerialReader   Port: COM50  ReadData: 1100ee00e2000015510600910660d5edfc22
[ERROR] [2017-04-02 18:13:11] com.rxtx.SerialReader  legth 1100ee00e2000015510600910660d5edfc22
[DEBUG] [2017-04-02 18:13:12] com.rxtx.SerialReader   Port: COM50  ReadData: 1100ee00e2000015510600910660d5edfc22
[ERROR] [2017-04-02 18:13:12] com.rxtx.SerialReader  legth 1100ee00e2000015510600910660d5edfc22
[DEBUG] [2017-04-02 18:13:12] com.rxtx.SerialReader   Port: COM50  ReadData: 1100ee00e2000015510600910660d5edfc22
[ERROR] [2017-04-02 18:13:13] com.rxtx.SerialReader  legth 1100ee00e2000015510600910660d5edfc22
[DEBUG] [2017-04-02 18:13:14] com.rxtx.SerialReader   Port: COM50  ReadData: 1100ee00e2000015510600910660d5edfc22
[ERROR] [2017-04-02 18:13:14] com.rxtx.SerialReader  legth 1100ee00e2000015510600910660d5edfc22
[DEBUG] [2017-04-02 18:13:14] com.rxtx.SerialReader   Port: COM50  ReadData: 1100ee00e2000015510600910660d5edfc22
[ERROR] [2017-04-02 18:13:15] com.rxtx.SerialReader  legth 1100ee00e2000015510600910660d5edfc22
[DEBUG] [2017-04-02 18:13:16] com.rxtx.SerialReader   Port: COM50  ReadData: 1100ee00e2000015510600910660d5edfc22
[ERROR] [2017-04-02 18:13:41] com.rxtx.SerialReader  legth 36
[DEBUG] [2017-04-02 18:13:41] com.rxtx.SerialReader   Port: COM50  ReadData: 1100ee00e2000015510600910660d5edfc22
[ERROR] [2017-04-02 18:13:42] com.rxtx.SerialReader  legth 36
[DEBUG] [2017-04-02 18:13:42] com.rxtx.SerialReader   Port: COM50  ReadData: 1100ee00e2000015510600910660d5edfc22
[ERROR] [2017-04-02 18:13:43] com.rxtx.SerialReader  legth 36
[DEBUG] [2017-04-02 18:13:43] com.rxtx.SerialReader   Port: COM50  ReadData: 1100ee00e2000015510600910660d5edfc22
[ERROR] [2017-04-02 18:13:44] com.rxtx.SerialReader  legth 36
[DEBUG] [2017-04-02 18:13:44] com.rxtx.SerialReader   Port: COM50  ReadData: 1100ee00e2000015510600910660d5edfc22
[ERROR] [2017-04-02 18:14:45] com.rxtx.SerialReader  legth 36
[DEBUG] [2017-04-02 18:14:45] com.rxtx.SerialReader   Port: COM50  ReadData: 1100ee00e2000015510600910660d5edfc22
[ERROR] [2017-04-02 18:14:46] com.rxtx.SerialReader  legth 36
[DEBUG] [2017-04-02 18:14:46] com.rxtx.SerialReader   Port: COM50  ReadData: 1100ee00e2000015510600910660d5edfc22
[ERROR] [2017-04-02 18:14:47] com.rxtx.SerialReader  legth 36
[DEBUG] [2017-04-02 18:14:47] com.rxtx.SerialReader   Port: COM50  ReadData: 1100ee00e2000015510600910660d5edfc22
[ERROR] [2017-04-02 18:14:48] com.rxtx.SerialReader  legth 36
[DEBUG] [2017-04-02 18:14:48] com.rxtx.SerialReader   Port: COM50  ReadData: 1100ee00e2000015510600910660d5edfc22
[ERROR] [2017-04-02 18:14:48] com.rxtx.SerialReader  legth 36
[DEBUG] [2017-04-02 18:14:49] com.rxtx.SerialReader   Port: COM50  ReadData: 1100ee00e2000015510600910660d5edfc22
[ERROR] [2017-04-02 18:14:49] com.rxtx.SerialReader  legth 36
[DEBUG] [2017-04-02 18:14:50] com.rxtx.SerialReader   Port: COM50  ReadData: 1100ee00e2000015510600910660d5edfc22
[ERROR] [2017-04-02 18:14:51] com.rxtx.SerialReader  legth 36
[DEBUG] [2017-04-02 18:14:51] com.rxtx.SerialReader   Port: COM50  ReadData: 1100ee00e2000015510600910660d5edfc22
[ERROR] [2017-04-02 18:14:52] com.rxtx.SerialReader  legth 36
[DEBUG] [2017-04-02 18:14:52] com.rxtx.SerialReader   Port: COM50  ReadData: 1100ee00e2000015510600910660d5edfc22
[ERROR] [2017-04-02 18:14:53] com.rxtx.SerialReader  legth 36
[DEBUG] [2017-04-02 18:14:53] com.rxtx.SerialReader   Port: COM50  ReadData: 1100ee00e2000015510600910660d5edfc22
[ERROR] [2017-04-02 18:14:54] com.rxtx.SerialReader  legth 36
[DEBUG] [2017-04-02 18:14:54] com.rxtx.SerialReader   Port: COM50  ReadData: 1100ee00e2000015510600910660d5edfc22
[ERROR] [2017-04-02 18:14:55] com.rxtx.SerialReader  legth 36
[DEBUG] [2017-04-02 18:14:55] com.rxtx.SerialReader   Port: COM50  ReadData: 1100ee00e2000015510600910660d5edfc22
[ERROR] [2017-04-02 18:14:56] com.rxtx.SerialReader  legth 36
[DEBUG] [2017-04-02 18:14:56] com.rxtx.SerialReader   Port: COM50  ReadData: 1100ee00e2000015510600910660d5edfc22
[ERROR] [2017-04-02 18:14:57] com.rxtx.SerialReader  legth 36
[DEBUG] [2017-04-02 18:14:57] com.rxtx.SerialReader   Port: COM50  ReadData: 1100ee00e2000015510600910660d5edfc22
[ERROR] [2017-04-02 18:14:58] com.rxtx.SerialReader  legth 36
[DEBUG] [2017-04-02 18:14:58] com.rxtx.SerialReader   Port: COM50  ReadData: 1100ee00e2000015510600910660d5edfc22
[ERROR] [2017-04-02 18:14:59] com.rxtx.SerialReader  legth 36
[DEBUG] [2017-04-02 18:14:59] com.rxtx.SerialReader   Port: COM50  ReadData: 1100ee00e2000015510600910660d5edfc22
[ERROR] [2017-04-02 18:15:00] com.rxtx.SerialReader  legth 36
[DEBUG] [2017-04-02 18:15:00] com.rxtx.SerialReader   Port: COM50  ReadData: 1100ee00e2000015510600910660d5edfc22
[ERROR] [2017-04-02 18:15:01] com.rxtx.SerialReader  legth 36
[DEBUG] [2017-04-02 18:15:01] com.rxtx.SerialReader   Port: COM50  ReadData: 1100ee00e2000015510600910660d5edfc22
[ERROR] [2017-04-02 18:15:02] com.rxtx.SerialReader  legth 36
[DEBUG] [2017-04-02 18:15:02] com.rxtx.SerialReader   Port: COM50  ReadData: 1100ee00e2000015510600910660d5edfc22
[ERROR] [2017-04-02 18:15:03] com.rxtx.SerialReader  legth 36
[DEBUG] [2017-04-02 18:15:03] com.rxtx.SerialReader   Port: COM50  ReadData: 1100ee00e2000015510600910660d5edfc22
[ERROR] [2017-04-02 18:15:04] com.rxtx.SerialReader  legth 36
[DEBUG] [2017-04-02 18:15:04] com.rxtx.SerialReader   Port: COM50  ReadData: 1100ee00e2000015510600910660d5edfc22
[ERROR] [2017-04-02 18:15:05] com.rxtx.SerialReader  legth 36
[DEBUG] [2017-04-02 18:15:05] com.rxtx.SerialReader   Port: COM50  ReadData: 1100ee00e2000015510600910660d5edfc22
[ERROR] [2017-04-02 18:15:06] com.rxtx.SerialReader  legth 36
[DEBUG] [2017-04-02 18:15:06] com.rxtx.SerialReader   Port: COM50  ReadData: 1100ee00e2000015510600910660d5edfc22
[ERROR] [2017-04-02 18:15:07] com.rxtx.SerialReader  legth 36
[DEBUG] [2017-04-02 18:15:07] com.rxtx.SerialReader   Port: COM50  ReadData: 1100ee00e2000015510600910660d5edfc22
[ERROR] [2017-04-02 18:15:08] com.rxtx.SerialReader  legth 36
[DEBUG] [2017-04-02 18:15:08] com.rxtx.SerialReader   Port: COM50  ReadData: 1100ee00e2000015510600910660d5edfc22
[ERROR] [2017-04-02 18:17:01] com.rxtx.SerialReader  legth 36
[DEBUG] [2017-04-02 18:17:02] com.rxtx.SerialReader   Port: COM50  ReadData: 1100ee00e2000015510600910660d5edfc22
[ERROR] [2017-04-02 18:17:02] com.rxtx.SerialReader  legth 36
[DEBUG] [2017-04-02 18:17:03] com.rxtx.SerialReader   Port: COM50  ReadData: 1100ee00e2000015510600910660d5edfc22
[ERROR] [2017-04-02 18:17:03] com.rxtx.SerialReader  legth 36
[DEBUG] [2017-04-02 18:17:03] com.rxtx.SerialReader   Port: COM50  ReadData: 1100ee00e2000015510600910660d5edfc22
[ERROR] [2017-04-02 18:17:04] com.rxtx.SerialReader  legth 36
[DEBUG] [2017-04-02 18:17:04] com.rxtx.SerialReader   Port: COM50  ReadData: 1100ee00e2000015510600910660d5edfc22
[ERROR] [2017-04-02 18:17:05] com.rxtx.SerialReader  legth 36
[DEBUG] [2017-04-02 18:17:05] com.rxtx.SerialReader   Port: COM50  ReadData: 1100ee00e2000015510600910660d5edfc22
[ERROR] [2017-04-02 18:17:06] com.rxtx.SerialReader  legth 36
[DEBUG] [2017-04-02 18:17:06] com.rxtx.SerialReader   Port: COM50  ReadData: 1100ee00e2000015510600910660d5edfc22
[ERROR] [2017-04-02 18:17:07] com.rxtx.SerialReader  legth 36
[DEBUG] [2017-04-02 18:17:07] com.rxtx.SerialReader   Port: COM50  ReadData: 1100ee00e2000015510600910660d5edfc22
[ERROR] [2017-04-02 18:17:08] com.rxtx.SerialReader  legth 36
[DEBUG] [2017-04-02 18:17:08] com.rxtx.SerialReader   Port: COM50  ReadData: 1100ee00e2000015510600910660d5edfc22
[ERROR] [2017-04-02 18:17:09] com.rxtx.SerialReader  legth 36
[DEBUG] [2017-04-02 18:17:09] com.rxtx.SerialReader   Port: COM50  ReadData: 1100ee00e2000015510600910660d5edfc22
[ERROR] [2017-04-02 18:17:10] com.rxtx.SerialReader  legth 36
[DEBUG] [2017-04-02 18:17:10] com.rxtx.SerialReader   Port: COM50  ReadData: 1100ee00e2000015510600910660d5edfc22
[ERROR] [2017-04-02 18:17:11] com.rxtx.SerialReader  legth 36
[DEBUG] [2017-04-02 18:17:11] com.rxtx.SerialReader   Port: COM50  ReadData: 1100ee00e2000015510600910660d5edfc22
[ERROR] [2017-04-02 18:17:14] com.rxtx.SerialReader  legth 36
[DEBUG] [2017-04-02 18:17:14] com.rxtx.SerialReader   Port: COM50  ReadData: 1100ee00e2000015510600910660d5edfc22
[ERROR] [2017-04-02 18:17:15] com.rxtx.SerialReader  legth 36
[DEBUG] [2017-04-02 18:17:15] com.rxtx.SerialReader   Port: COM50  ReadData: 1100ee00e2000015510600910660d5edfc22
[ERROR] [2017-04-02 18:17:15] com.rxtx.SerialReader  legth 36
[DEBUG] [2017-04-02 18:17:16] com.rxtx.SerialReader   Port: COM50  ReadData: 1100ee00e2000015510600910660d5edfc22
[ERROR] [2017-04-02 18:17:16] com.rxtx.SerialReader  legth 36
[DEBUG] [2017-04-02 18:17:16] com.rxtx.SerialReader   Port: COM50  ReadData: 1100ee00e2000015510600910660d5edfc22
[ERROR] [2017-04-02 18:17:17] com.rxtx.SerialReader  legth 36
[DEBUG] [2017-04-02 18:17:18] com.rxtx.SerialReader   Port: COM50  ReadData: 1100ee00e2000015510600910660d5edfc22
[ERROR] [2017-04-02 18:22:11] com.rxtx.SerialReader  legth 36
[DEBUG] [2017-04-02 18:22:11] com.rxtx.SerialReader   Port: COM50  ReadData: 1100ee00e2000015510600910660d5edfc22
[ERROR] [2017-04-02 18:22:12] com.rxtx.SerialReader  legth 36
[DEBUG] [2017-04-02 18:22:12] com.rxtx.SerialReader   Port: COM50  ReadData: 1100ee00e2000015510600910660d5edfc22
[ERROR] [2017-04-02 18:22:13] com.rxtx.SerialReader  legth 36
[DEBUG] [2017-04-02 18:22:13] com.rxtx.SerialReader   Port: COM50  ReadData: 1100ee00e2000015510600910660d5edfc22
[ERROR] [2017-04-02 18:22:14] com.rxtx.SerialReader  legth 36
[DEBUG] [2017-04-02 18:22:14] com.rxtx.SerialReader   Port: COM50  ReadData: 1100ee00e2000015510600910660d5edfc22
[ERROR] [2017-04-02 18:22:15] com.rxtx.SerialReader  legth 36
[DEBUG] [2017-04-02 18:22:15] com.rxtx.SerialReader   Port: COM50  ReadData: 1100ee00e2000015510600910660d5edfc22
