[ERROR] [2017-04-02 11:25:54] com.rxtx.Main           0
[ERROR] [2017-04-02 11:25:54] com.rxtx.Main           1
[ERROR] [2017-04-02 11:25:54] com.rxtx.Main           2
[ERROR] [2017-04-02 11:25:54] com.rxtx.Main           3
[ERROR] [2017-04-02 11:25:54] com.rxtx.Main           4
[ERROR] [2017-04-02 11:25:54] com.rxtx.Main           5
[ERROR] [2017-04-02 11:25:54] com.rxtx.Main           6
[ERROR] [2017-04-02 11:25:54] com.rxtx.Main           7
[ERROR] [2017-04-02 11:25:54] com.rxtx.Main           8
[ERROR] [2017-04-02 11:25:54] com.rxtx.Main           9
[ERROR] [2017-04-02 11:25:54] com.rxtx.Main           10
[ERROR] [2017-04-02 11:25:54] com.rxtx.Main           11
[ERROR] [2017-04-02 11:25:54] com.rxtx.Main           12
[ERROR] [2017-04-02 11:25:54] com.rxtx.Main           13
[ERROR] [2017-04-02 11:25:54] com.rxtx.Main           14
[ERROR] [2017-04-02 11:25:54] com.rxtx.Main           15
[ERROR] [2017-04-02 11:25:54] com.rxtx.Main           16
[ERROR] [2017-04-02 11:25:54] com.rxtx.Main           17
[ERROR] [2017-04-02 11:25:54] com.rxtx.Main           18
[ERROR] [2017-04-02 11:25:54] com.rxtx.Main           19
[ERROR] [2017-04-02 11:25:54] com.rxtx.Main           20
[ERROR] [2017-04-02 11:25:54] com.rxtx.Main           21
[ERROR] [2017-04-02 11:25:54] com.rxtx.Main           22
[ERROR] [2017-04-02 11:25:54] com.rxtx.Main           23
[ERROR] [2017-04-02 11:25:54] com.rxtx.Main           24
[ERROR] [2017-04-02 11:25:54] com.rxtx.Main           25
[ERROR] [2017-04-02 11:25:54] com.rxtx.Main           26
[ERROR] [2017-04-02 11:25:54] com.rxtx.Main           27
[ERROR] [2017-04-02 11:25:54] com.rxtx.Main           28
[ERROR] [2017-04-02 11:25:54] com.rxtx.Main           29
[ERROR] [2017-04-02 11:25:54] com.rxtx.Main           30
[ERROR] [2017-04-02 11:25:54] com.rxtx.Main           31
[ERROR] [2017-04-02 11:25:54] com.rxtx.Main           32
[ERROR] [2017-04-02 11:25:54] com.rxtx.Main           33
[ERROR] [2017-04-02 11:25:54] com.rxtx.Main           34
[ERROR] [2017-04-02 11:25:54] com.rxtx.Main           35
[ERROR] [2017-04-02 11:25:54] com.rxtx.Main           36
[ERROR] [2017-04-02 11:25:54] com.rxtx.Main           37
[ERROR] [2017-04-02 11:25:54] com.rxtx.Main           38
[ERROR] [2017-04-02 11:25:54] com.rxtx.Main           39
[ERROR] [2017-04-02 11:25:54] com.rxtx.Main           40
[ERROR] [2017-04-02 11:25:54] com.rxtx.Main           41
[ERROR] [2017-04-02 11:25:54] com.rxtx.Main           42
[ERROR] [2017-04-02 11:25:54] com.rxtx.Main           43
[ERROR] [2017-04-02 11:25:54] com.rxtx.Main           44
[ERROR] [2017-04-02 11:25:54] com.rxtx.Main           45
[ERROR] [2017-04-02 11:25:54] com.rxtx.Main           46
[ERROR] [2017-04-02 11:25:54] com.rxtx.Main           47
[ERROR] [2017-04-02 11:25:54] com.rxtx.Main           48
[ERROR] [2017-04-02 11:25:54] com.rxtx.Main           49
[ERROR] [2017-04-02 11:25:54] com.rxtx.Main           50
[ERROR] [2017-04-02 11:25:54] com.rxtx.Main           51
[ERROR] [2017-04-02 11:25:54] com.rxtx.Main           52
[ERROR] [2017-04-02 11:25:54] com.rxtx.Main           53
[ERROR] [2017-04-02 11:25:54] com.rxtx.Main           54
[ERROR] [2017-04-02 11:25:54] com.rxtx.Main           55
[ERROR] [2017-04-02 11:25:54] com.rxtx.Main           56
[ERROR] [2017-04-02 11:25:54] com.rxtx.Main           57
[ERROR] [2017-04-02 11:25:54] com.rxtx.Main           58
[ERROR] [2017-04-02 11:25:54] com.rxtx.Main           59
[ERROR] [2017-04-02 11:25:54] com.rxtx.Main           60
[ERROR] [2017-04-02 11:25:54] com.rxtx.Main           61
[ERROR] [2017-04-02 11:25:54] com.rxtx.Main           62
[ERROR] [2017-04-02 11:25:54] com.rxtx.Main           63
[ERROR] [2017-04-02 11:25:54] com.rxtx.Main           64
[ERROR] [2017-04-02 11:25:54] com.rxtx.Main           65
[ERROR] [2017-04-02 11:25:54] com.rxtx.Main           66
[ERROR] [2017-04-02 11:25:54] com.rxtx.Main           67
[ERROR] [2017-04-02 11:25:54] com.rxtx.Main           68
[ERROR] [2017-04-02 11:25:54] com.rxtx.Main           69
[ERROR] [2017-04-02 11:25:54] com.rxtx.Main           70
[ERROR] [2017-04-02 11:25:54] com.rxtx.Main           71
[ERROR] [2017-04-02 11:25:54] com.rxtx.Main           72
[ERROR] [2017-04-02 11:25:54] com.rxtx.Main           73
[ERROR] [2017-04-02 11:25:54] com.rxtx.Main           74
[ERROR] [2017-04-02 11:25:54] com.rxtx.Main           75
[ERROR] [2017-04-02 11:25:54] com.rxtx.Main           76
[ERROR] [2017-04-02 11:25:54] com.rxtx.Main           77
[ERROR] [2017-04-02 11:25:54] com.rxtx.Main           78
[ERROR] [2017-04-02 11:25:54] com.rxtx.Main           79
[ERROR] [2017-04-02 11:25:54] com.rxtx.Main           80
[ERROR] [2017-04-02 11:25:54] com.rxtx.Main           81
[ERROR] [2017-04-02 11:25:54] com.rxtx.Main           82
[ERROR] [2017-04-02 11:25:54] com.rxtx.Main           83
[ERROR] [2017-04-02 11:25:54] com.rxtx.Main           84
[ERROR] [2017-04-02 11:25:54] com.rxtx.Main           85
[ERROR] [2017-04-02 11:25:54] com.rxtx.Main           86
[ERROR] [2017-04-02 11:25:54] com.rxtx.Main           87
[ERROR] [2017-04-02 11:25:54] com.rxtx.Main           88
[ERROR] [2017-04-02 11:25:54] com.rxtx.Main           89
[ERROR] [2017-04-02 11:25:54] com.rxtx.Main           90
[ERROR] [2017-04-02 11:25:54] com.rxtx.Main           91
[ERROR] [2017-04-02 11:25:54] com.rxtx.Main           92
[ERROR] [2017-04-02 11:25:54] com.rxtx.Main           93
[ERROR] [2017-04-02 11:25:54] com.rxtx.Main           94
[ERROR] [2017-04-02 11:25:54] com.rxtx.Main           95
[ERROR] [2017-04-02 11:25:54] com.rxtx.Main           96
[ERROR] [2017-04-02 11:25:54] com.rxtx.Main           97
[ERROR] [2017-04-02 11:25:54] com.rxtx.Main           98
[ERROR] [2017-04-02 11:25:54] com.rxtx.Main           99
[ERROR] [2017-04-02 13:21:57] com.rxtx.utils.PropertyUtil  D:\chuankouworkspace\workshop2\config.properties (系统找不到指定的文件。)
[ERROR] [2017-04-02 13:21:57] com.rxtx.db.JDBCUtils  Exception null
[ERROR] [2017-04-02 13:23:55] com.rxtx.db.JDBCUtils  Exception Access denied for user 'slashui'@'61.148.202.6' (using password: YES)
[ERROR] [2017-04-02 13:25:54] com.rxtx.db.JDBCUtils  Exception Access denied for user 'slashui'@'61.148.202.6' (using password: YES)
[ERROR] [2017-04-02 14:51:13] com.rxtx.Main         ports COM1
[ERROR] [2017-04-02 14:51:13] com.rxtx.Main         ports COM2
[ERROR] [2017-04-02 14:51:13] com.rxtx.Main         ports COM5
[ERROR] [2017-04-02 14:51:13] com.rxtx.Main         ports COM50
[ERROR] [2017-04-02 14:51:13] com.rxtx.Main         ports COM51
[ERROR] [2017-04-02 14:52:11] com.rxtx.Main         ports COM5
[ERROR] [2017-04-02 14:52:12] com.rxtx.Main         ports COM50
[ERROR] [2017-04-02 14:52:12] com.rxtx.Main         ports COM51
[ERROR] [2017-04-02 14:54:49] com.rxtx.Main         ports COM5
[ERROR] [2017-04-02 14:54:49] com.rxtx.Main         ports COM50
[ERROR] [2017-04-02 14:54:49] com.rxtx.Main         ports COM51
